<?xml version="1.0" encoding="UTF-8"?>
<!-- Generated by org.testng.reporters.JUnitReportReporter -->
<testsuite hostname="DESKTOP-98E3OTK" failures="0" tests="1" name="com.qa.testing.maven.Myfirst" time="7.870" errors="0" timestamp="9 May 2019 16:38:13 GMT">
  <testcase classname="com.qa.testing.maven.Myfirst" name="m1" time="7.870"/>
</testsuite> <!-- com.qa.testing.maven.Myfirst -->
